1574148933906	mozrunner::runner	INFO	Running command: "/Applications/Firefox.app/Contents/MacOS/firefox-bin" "-marionette" "-foreground" "-no-remote" "-profile" "/var/folders/hl/pb0n0v_j2t1drtvvw65k188w0000gn/T/rust_mozprofileiveHDK"
1574148934750	Marionette	INFO	Enabled via --marionette
2019-11-19 15:35:37.235 plugin-container[32667:8952065] *** CFMessagePort: bootstrap_register(): failed 1100 (0x44c) 'Permission denied', port = 0xa333, name = 'com.apple.tsm.portname'
See /usr/include/servers/bootstrap_defs.h for the error codes.
2019-11-19 15:35:37.790 plugin-container[32672:8952246] *** CFMessagePort: bootstrap_register(): failed 1100 (0x44c) 'Permission denied', port = 0x9c3b, name = 'com.apple.tsm.portname'
See /usr/include/servers/bootstrap_defs.h for the error codes.
1574148938139	Marionette	INFO	Listening on port 55790
1574148938223	Marionette	WARN	TLS certificate errors will be ignored for this session
1574149067567	mozrunner::runner	INFO	Running command: "/Applications/Firefox.app/Contents/MacOS/firefox-bin" "-marionette" "-foreground" "-no-remote" "-profile" "/var/folders/hl/pb0n0v_j2t1drtvvw65k188w0000gn/T/rust_mozprofileY75YA5"
1574149068612	Marionette	INFO	Enabled via --marionette
2019-11-19 15:37:50.241 plugin-container[32753:8954568] *** CFMessagePort: bootstrap_register(): failed 1100 (0x44c) 'Permission denied', port = 0xa13b, name = 'com.apple.tsm.portname'
See /usr/include/servers/bootstrap_defs.h for the error codes.
2019-11-19 15:37:51.083 plugin-container[32754:8954657] *** CFMessagePort: bootstrap_register(): failed 1100 (0x44c) 'Permission denied', port = 0x9e3f, name = 'com.apple.tsm.portname'
See /usr/include/servers/bootstrap_defs.h for the error codes.
1574149071145	Marionette	INFO	Listening on port 56745
1574149071237	Marionette	WARN	TLS certificate errors will be ignored for this session
JavaScript error: http://inventwithpython.com/js/bootstrap.min.js, line 7: Error: Bootstrap tooltips require Tether (http://tether.io/)
1574149229184	webdriver::command	WARN	You are using deprecated legacy session negotiation patterns (desiredCapabilities/requiredCapabilities), see https://developer.mozilla.org/en-US/docs/Web/WebDriver/Capabilities#Legacy
1574149229188	mozrunner::runner	INFO	Running command: "/Applications/Firefox.app/Contents/MacOS/firefox-bin" "-marionette" "-foreground" "-no-remote" "-profile" "/var/folders/hl/pb0n0v_j2t1drtvvw65k188w0000gn/T/rust_mozprofileN0BXz1"
1574149229914	Marionette	INFO	Enabled via --marionette
2019-11-19 15:40:32.139 plugin-container[32873:8958507] *** CFMessagePort: bootstrap_register(): failed 1100 (0x44c) 'Permission denied', port = 0xa13b, name = 'com.apple.tsm.portname'
See /usr/include/servers/bootstrap_defs.h for the error codes.
2019-11-19 15:40:32.788 plugin-container[32874:8958584] *** CFMessagePort: bootstrap_register(): failed 1100 (0x44c) 'Permission denied', port = 0x9f3b, name = 'com.apple.tsm.portname'
See /usr/include/servers/bootstrap_defs.h for the error codes.
1574149233005	Marionette	INFO	Listening on port 57900
2019-11-19 15:41:14.571 plugin-container[32908:8959305] *** CFMessagePort: bootstrap_register(): failed 1100 (0x44c) 'Permission denied', port = 0x9f37, name = 'com.apple.tsm.portname'
See /usr/include/servers/bootstrap_defs.h for the error codes.
2019-11-19 15:41:18.786 plugin-container[32911:8959402] *** CFMessagePort: bootstrap_register(): failed 1100 (0x44c) 'Permission denied', port = 0x9e37, name = 'com.apple.tsm.portname'
See /usr/include/servers/bootstrap_defs.h for the error codes.
JavaScript error: resource://shield-recipe-client/lib/RecipeRunner.jsm, line 137: TypeError: prefs is undefined
*** UTM:SVC TimerManager:registerTimer called after profile-before-change notification. Ignoring timer registration for id: telemetry_modules_ping
1574149353046	webdriver::command	WARN	You are using deprecated legacy session negotiation patterns (desiredCapabilities/requiredCapabilities), see https://developer.mozilla.org/en-US/docs/Web/WebDriver/Capabilities#Legacy
1574149353049	mozrunner::runner	INFO	Running command: "/Applications/Firefox.app/Contents/MacOS/firefox-bin" "-marionette" "-foreground" "-no-remote" "-profile" "/var/folders/hl/pb0n0v_j2t1drtvvw65k188w0000gn/T/rust_mozprofileo8iP0b"
1574149353852	Marionette	INFO	Enabled via --marionette
2019-11-19 15:42:35.361 plugin-container[32965:8960991] *** CFMessagePort: bootstrap_register(): failed 1100 (0x44c) 'Permission denied', port = 0xa13b, name = 'com.apple.tsm.portname'
See /usr/include/servers/bootstrap_defs.h for the error codes.
2019-11-19 15:42:36.063 plugin-container[32966:8961059] *** CFMessagePort: bootstrap_register(): failed 1100 (0x44c) 'Permission denied', port = 0x9e37, name = 'com.apple.tsm.portname'
See /usr/include/servers/bootstrap_defs.h for the error codes.
1574149356174	Marionette	INFO	Listening on port 58778
JavaScript error: resource://shield-recipe-client/lib/RecipeRunner.jsm, line 137: TypeError: prefs is undefined
*** UTM:SVC TimerManager:registerTimer called after profile-before-change notification. Ignoring timer registration for id: telemetry_modules_ping
1574149610083	webdriver::command	WARN	You are using deprecated legacy session negotiation patterns (desiredCapabilities/requiredCapabilities), see https://developer.mozilla.org/en-US/docs/Web/WebDriver/Capabilities#Legacy
1574149610087	mozrunner::runner	INFO	Running command: "/Applications/Firefox.app/Contents/MacOS/firefox-bin" "-marionette" "-foreground" "-no-remote" "-profile" "/var/folders/hl/pb0n0v_j2t1drtvvw65k188w0000gn/T/rust_mozprofilebzrk0e"
1574149610846	Marionette	INFO	Enabled via --marionette
2019-11-19 15:46:52.611 plugin-container[33129:8964592] *** CFMessagePort: bootstrap_register(): failed 1100 (0x44c) 'Permission denied', port = 0xa13b, name = 'com.apple.tsm.portname'
See /usr/include/servers/bootstrap_defs.h for the error codes.
2019-11-19 15:46:53.186 plugin-container[33130:8964669] *** CFMessagePort: bootstrap_register(): failed 1100 (0x44c) 'Permission denied', port = 0x9e37, name = 'com.apple.tsm.portname'
See /usr/include/servers/bootstrap_defs.h for the error codes.
1574149613405	Marionette	INFO	Listening on port 60531
1574149632799	webdriver::command	WARN	You are using deprecated legacy session negotiation patterns (desiredCapabilities/requiredCapabilities), see https://developer.mozilla.org/en-US/docs/Web/WebDriver/Capabilities#Legacy
1574149632802	mozrunner::runner	INFO	Running command: "/Applications/Firefox.app/Contents/MacOS/firefox-bin" "-marionette" "-foreground" "-no-remote" "-profile" "/var/folders/hl/pb0n0v_j2t1drtvvw65k188w0000gn/T/rust_mozprofilezLvoRg"
1574149633535	Marionette	INFO	Enabled via --marionette
2019-11-19 15:47:15.668 plugin-container[33155:8965175] *** CFMessagePort: bootstrap_register(): failed 1100 (0x44c) 'Permission denied', port = 0xa237, name = 'com.apple.tsm.portname'
See /usr/include/servers/bootstrap_defs.h for the error codes.
2019-11-19 15:47:16.115 plugin-container[33156:8965251] *** CFMessagePort: bootstrap_register(): failed 1100 (0x44c) 'Permission denied', port = 0x9e37, name = 'com.apple.tsm.portname'
See /usr/include/servers/bootstrap_defs.h for the error codes.
1574149636328	Marionette	INFO	Listening on port 60730
1574149679916	webdriver::command	WARN	You are using deprecated legacy session negotiation patterns (desiredCapabilities/requiredCapabilities), see https://developer.mozilla.org/en-US/docs/Web/WebDriver/Capabilities#Legacy
1574149679918	mozrunner::runner	INFO	Running command: "/Applications/Firefox.app/Contents/MacOS/firefox-bin" "-marionette" "-foreground" "-no-remote" "-profile" "/var/folders/hl/pb0n0v_j2t1drtvvw65k188w0000gn/T/rust_mozprofileyYvVUE"
1574149680610	Marionette	INFO	Enabled via --marionette
2019-11-19 15:48:02.354 plugin-container[33191:8966036] *** CFMessagePort: bootstrap_register(): failed 1100 (0x44c) 'Permission denied', port = 0xa237, name = 'com.apple.tsm.portname'
See /usr/include/servers/bootstrap_defs.h for the error codes.
2019-11-19 15:48:03.024 plugin-container[33193:8966109] *** CFMessagePort: bootstrap_register(): failed 1100 (0x44c) 'Permission denied', port = 0x9f3b, name = 'com.apple.tsm.portname'
See /usr/include/servers/bootstrap_defs.h for the error codes.
1574149683386	Marionette	INFO	Listening on port 61103
*** UTM:SVC TimerManager:registerTimer called after profile-before-change notification. Ignoring timer registration for id: telemetry_modules_ping
JavaScript error: resource://shield-recipe-client/lib/RecipeRunner.jsm, line 137: TypeError: prefs is undefined
JavaScript error: resource://shield-recipe-client/lib/RecipeRunner.jsm, line 137: TypeError: prefs is undefined
1574150139552	webdriver::command	WARN	You are using deprecated legacy session negotiation patterns (desiredCapabilities/requiredCapabilities), see https://developer.mozilla.org/en-US/docs/Web/WebDriver/Capabilities#Legacy
1574150139556	mozrunner::runner	INFO	Running command: "/Applications/Firefox.app/Contents/MacOS/firefox-bin" "-marionette" "-foreground" "-no-remote" "-profile" "/var/folders/hl/pb0n0v_j2t1drtvvw65k188w0000gn/T/rust_mozprofiled6M86Z"
1574150140336	Marionette	INFO	Enabled via --marionette
2019-11-19 15:55:42.033 plugin-container[33476:8973333] *** CFMessagePort: bootstrap_register(): failed 1100 (0x44c) 'Permission denied', port = 0xa13b, name = 'com.apple.tsm.portname'
See /usr/include/servers/bootstrap_defs.h for the error codes.
2019-11-19 15:55:42.844 plugin-container[33477:8973410] *** CFMessagePort: bootstrap_register(): failed 1100 (0x44c) 'Permission denied', port = 0x9c3f, name = 'com.apple.tsm.portname'
See /usr/include/servers/bootstrap_defs.h for the error codes.
1574150142979	Marionette	INFO	Listening on port 64202
JavaScript error: resource://shield-recipe-client/lib/RecipeRunner.jsm, line 137: TypeError: prefs is undefined
*** UTM:SVC TimerManager:registerTimer called after profile-before-change notification. Ignoring timer registration for id: telemetry_modules_ping
